<?xml version="1.0" encoding="UTF-8"?>
<!-- Generated by org.testng.reporters.JUnitReportReporter -->
<testsuite hostname="Moms_Laptop" name="com.mmp.qa.testcases.PatientPortalHomePageTest" tests="11" failures="0" timestamp="2 Sep 2020 02:55:56 GMT" time="266.877" errors="0">
  <testcase name="patientPortalLogoutLinkTest" time="23.278" classname="com.mmp.qa.testcases.PatientPortalHomePageTest"/>
  <testcase name="patientPoralFeesPageLinkTest" time="23.277" classname="com.mmp.qa.testcases.PatientPortalHomePageTest"/>
  <testcase name="validatePatientPortalPageTitleTest" time="30.729" classname="com.mmp.qa.testcases.PatientPortalHomePageTest"/>
  <testcase name="patientPortalScheduleApptPageLinkTest" time="27.437" classname="com.mmp.qa.testcases.PatientPortalHomePageTest"/>
  <testcase name="patientPoralProfilePageLinkTest" time="23.348" classname="com.mmp.qa.testcases.PatientPortalHomePageTest"/>
  <testcase name="validatePatientPortalUsernameCheckTest" time="22.206" classname="com.mmp.qa.testcases.PatientPortalHomePageTest"/>
  <testcase name="patientPortalSearchSymptPageLinkTest" time="23.043" classname="com.mmp.qa.testcases.PatientPortalHomePageTest"/>
  <testcase name="verifyPatientPortalTablelDocApptEntryTest" time="23.951" classname="com.mmp.qa.testcases.PatientPortalHomePageTest"/>
  <testcase name="patientPortalMessagesPageLinkTest" time="23.723" classname="com.mmp.qa.testcases.PatientPortalHomePageTest"/>
  <testcase name="validatePatientPortalPageLogoTest" time="22.512" classname="com.mmp.qa.testcases.PatientPortalHomePageTest"/>
  <testcase name="verifyPatientPortalTableEntryTest" time="23.373" classname="com.mmp.qa.testcases.PatientPortalHomePageTest"/>
</testsuite> <!-- com.mmp.qa.testcases.PatientPortalHomePageTest -->
