<?xml version="1.0" encoding="UTF-8"?>
<!-- Generated by org.testng.reporters.JUnitReportReporter -->
<testsuite hostname="Moms_Laptop" name="com.mmp.qa.testcases.PatientScheduleApptProviderPage1Test" tests="3" failures="0" timestamp="2 Sep 2020 02:55:56 GMT" time="110.385" errors="0">
  <testcase name="pageTitleCheckTest" time="30.293" classname="com.mmp.qa.testcases.PatientScheduleApptProviderPage1Test"/>
  <testcase name="schedApptInputTest" time="39.945" classname="com.mmp.qa.testcases.PatientScheduleApptProviderPage1Test"/>
  <testcase name="schedApptInputTest" time="40.147" classname="com.mmp.qa.testcases.PatientScheduleApptProviderPage1Test"/>
</testsuite> <!-- com.mmp.qa.testcases.PatientScheduleApptProviderPage1Test -->
