<?xml version="1.0" encoding="UTF-8"?>
<!-- Generated by org.testng.reporters.JUnitReportReporter -->
<testsuite hostname="Moms_Laptop" name="com.mmp.qa.testcases.PateintLoginPageTest" tests="3" failures="0" timestamp="2 Sep 2020 04:05:50 GMT" time="59.286" errors="0">
  <testcase name="forgotpasswdLinkTest" time="20.543" classname="com.mmp.qa.testcases.PateintLoginPageTest"/>
  <testcase name="loginPageTitleTest" time="16.406" classname="com.mmp.qa.testcases.PateintLoginPageTest"/>
  <testcase name="loginpatienceTest" time="22.337" classname="com.mmp.qa.testcases.PateintLoginPageTest"/>
</testsuite> <!-- com.mmp.qa.testcases.PateintLoginPageTest -->
