<?xml version="1.0" encoding="UTF-8"?>
<!-- Generated by org.testng.reporters.JUnitReportReporter -->
<testsuite hostname="Moms_Laptop" name="com.mmp.qa.testcases.PatientLoginHomePageTest" tests="3" failures="0" timestamp="2 Sep 2020 02:55:56 GMT" time="45.291" errors="0">
  <testcase name="pateintLoginHomePageTitleTest" time="15.773" classname="com.mmp.qa.testcases.PatientLoginHomePageTest"/>
  <testcase name="pateintLoginHomePageLogoTest" time="12.640" classname="com.mmp.qa.testcases.PatientLoginHomePageTest"/>
  <testcase name="pateintLoginHomePageLoginMainpageTest" time="16.878" classname="com.mmp.qa.testcases.PatientLoginHomePageTest"/>
</testsuite> <!-- com.mmp.qa.testcases.PatientLoginHomePageTest -->
