<?xml version="1.0" encoding="UTF-8"?>
<!-- Generated by org.testng.reporters.JUnitReportReporter -->
<testsuite hostname="Moms_Laptop" name="com.mmp.qa.testcases.PatientPortalScheduleAppointmentPageTest" tests="1" failures="0" timestamp="2 Sep 2020 02:55:56 GMT" time="27.301" errors="0">
  <testcase name="createNewApptClickBtnTest" time="27.301" classname="com.mmp.qa.testcases.PatientPortalScheduleAppointmentPageTest"/>
</testsuite> <!-- com.mmp.qa.testcases.PatientPortalScheduleAppointmentPageTest -->
