<?xml version="1.0" encoding="UTF-8"?>
<!-- Generated by org.testng.reporters.JUnitReportReporter -->
<testsuite hostname="Moms_Laptop" name="com.mmp.qa.testcases.PatientPortalScheduleAppointmentPageTest" tests="1" failures="0" timestamp="2 Sep 2020 18:00:49 GMT" time="43.227" errors="0">
  <testcase name="createNewApptClickBtnTest" time="43.227" classname="com.mmp.qa.testcases.PatientPortalScheduleAppointmentPageTest"/>
</testsuite> <!-- com.mmp.qa.testcases.PatientPortalScheduleAppointmentPageTest -->
