<?xml version="1.0" encoding="UTF-8"?>
<!-- Generated by org.testng.reporters.JUnitReportReporter -->
<testsuite hostname="Moms_Laptop" name="com.mmp.qa.testcases.PatientLoginHomePageTest" tests="1" failures="0" timestamp="2 Sep 2020 18:11:59 GMT" time="12.398" errors="0">
  <testcase name="pateintLoginHomePageLogoTest" time="12.398" classname="com.mmp.qa.testcases.PatientLoginHomePageTest"/>
</testsuite> <!-- com.mmp.qa.testcases.PatientLoginHomePageTest -->
