<?xml version="1.0" encoding="UTF-8"?>
<!-- Generated by org.testng.reporters.JUnitReportReporter -->
<testsuite hostname="Moms_Laptop" name="com.mmp.qa.testcases.PateintLoginPageTest" tests="1" failures="0" timestamp="2 Sep 2020 18:11:59 GMT" time="15.623" errors="0">
  <testcase name="forgotpasswdLinkTest" time="15.623" classname="com.mmp.qa.testcases.PateintLoginPageTest"/>
</testsuite> <!-- com.mmp.qa.testcases.PateintLoginPageTest -->
