<?xml version="1.0" encoding="UTF-8"?>
<!-- Generated by org.testng.reporters.JUnitReportReporter -->
<testsuite hostname="Moms_Laptop" name="com.mmp.qa.testcases.PatientScheduleApptProviderPage1Test" tests="1" failures="0" timestamp="2 Sep 2020 18:11:59 GMT" time="33.041" errors="0">
  <testcase name="pageTitleCheckTest" time="33.041" classname="com.mmp.qa.testcases.PatientScheduleApptProviderPage1Test"/>
</testsuite> <!-- com.mmp.qa.testcases.PatientScheduleApptProviderPage1Test -->
