<?xml version="1.0" encoding="UTF-8"?>
<!-- Generated by org.testng.reporters.JUnitReportReporter -->
<testsuite hostname="Moms_Laptop" name="com.mmp.qa.testcases.PatientPortalHomePageTest" tests="1" failures="0" timestamp="2 Sep 2020 18:11:59 GMT" time="21.792" errors="0">
  <testcase name="validatePatientPortalPageLogoTest" time="21.792" classname="com.mmp.qa.testcases.PatientPortalHomePageTest"/>
</testsuite> <!-- com.mmp.qa.testcases.PatientPortalHomePageTest -->
